<?xml version="1.0" encoding="UTF-8"?>
<testng-results ignored="0" total="1" passed="1" failed="0" skipped="0">
  <reporter-output>
  </reporter-output>
  <suite started-at="2026-09-10T10:20:43 IST" name="Default suite" finished-at="2026-09-10T10:20:56 IST" duration-ms="12625">
    <groups>
    </groups>
    <test started-at="2026-09-10T10:20:43 IST" name="Default test" finished-at="2026-09-10T10:20:56 IST" duration-ms="12625">
      <class name="Windows_handling.MultipleWindowshandling">
        <test-method is-config="true" signature="beforeTest()[pri:0, instance:Windows_handling.MultipleWindowshandling@35e2d654]" started-at="2026-09-10T10:20:43 IST" name="beforeTest" finished-at="2026-09-10T10:20:50 IST" duration-ms="6923" status="PASS">
          <reporter-output>
          </reporter-output>
        </test-method> <!-- beforeTest -->
        <test-method signature="OpenWindow()[pri:0, instance:Windows_handling.MultipleWindowshandling@35e2d654]" started-at="2026-09-10T10:20:50 IST" name="OpenWindow" finished-at="2026-09-10T10:20:56 IST" duration-ms="5557" status="PASS">
          <reporter-output>
          </reporter-output>
        </test-method> <!-- OpenWindow -->
      </class> <!-- Windows_handling.MultipleWindowshandling -->
    </test> <!-- Default test -->
  </suite> <!-- Default suite -->
</testng-results>
