<?xml version="1.0" encoding="UTF-8"?>
<testng-results ignored="0" total="1" passed="1" failed="0" skipped="0">
  <reporter-output>
  </reporter-output>
  <suite started-at="2026-09-14T15:35:10 IST" name="Default suite" finished-at="2026-09-14T15:35:28 IST" duration-ms="18105">
    <groups>
    </groups>
    <test started-at="2026-09-14T15:35:10 IST" name="Default test" finished-at="2026-09-14T15:35:28 IST" duration-ms="18105">
      <class name="Windows_handling.MultipleWindowshandling">
        <test-method is-config="true" signature="OpenBrowser()[pri:0, instance:Windows_handling.MultipleWindowshandling@55183b20]" started-at="2026-09-14T15:35:10 IST" name="OpenBrowser" finished-at="2026-09-14T15:35:16 IST" duration-ms="5943" status="PASS">
          <reporter-output>
          </reporter-output>
        </test-method> <!-- OpenBrowser -->
        <test-method signature="OpenWindow()[pri:0, instance:Windows_handling.MultipleWindowshandling@55183b20]" started-at="2026-09-14T15:35:16 IST" name="OpenWindow" finished-at="2026-09-14T15:35:28 IST" duration-ms="12089" status="PASS">
          <reporter-output>
          </reporter-output>
        </test-method> <!-- OpenWindow -->
        <test-method is-config="true" signature="closeallwindows()[pri:0, instance:Windows_handling.MultipleWindowshandling@55183b20]" started-at="2026-09-14T15:35:28 IST" name="closeallwindows" finished-at="2026-09-14T15:35:28 IST" duration-ms="25" status="PASS">
          <reporter-output>
          </reporter-output>
        </test-method> <!-- closeallwindows -->
      </class> <!-- Windows_handling.MultipleWindowshandling -->
    </test> <!-- Default test -->
  </suite> <!-- Default suite -->
</testng-results>
