<?xml version="1.0" encoding="UTF-8"?>
<!-- Generated by org.testng.reporters.JUnitReportReporter -->
<testsuite hostname="LAPTOP-CSTNFPUN" failures="0" tests="2" name="datepicker.Enter_date_manually" time="24.386" errors="0" timestamp="2026-09-20T09:32:26 IST" skipped="0">
  <testcase classname="datepicker.Enter_date_manually" name="Enter_date" time="14.924"/>
  <testcase classname="datepicker.Enter_date_manually" name="Enter_date" time="9.462"/>
</testsuite> <!-- datepicker.Enter_date_manually -->
